<?xml version="1.0" encoding="UTF-8"?>
<testsuite name="com.niit.project.EurekaServer.EurekaServerApplicationTests" tests="1" skipped="0" failures="0" errors="0" timestamp="2023-06-30T04:41:06" hostname="DESKTOP-S77LD69" time="0.625">
  <properties/>
  <testcase name="contextLoads()" classname="com.niit.project.EurekaServer.EurekaServerApplicationTests" time="0.625"/>
  <system-out><![CDATA[10:11:00.378 [Test worker] DEBUG org.springframework.boot.test.context.SpringBootTestContextBootstrapper - Neither @ContextConfiguration nor @ContextHierarchy found for test class [EurekaServerApplicationTests]: using SpringBootContextLoader
10:11:00.389 [Test worker] DEBUG org.springframework.test.context.support.AbstractContextLoader - Could not detect default resource locations for test class [com.niit.project.EurekaServer.EurekaServerApplicationTests]: no resource found for suffixes {-context.xml, Context.groovy}.
10:11:00.390 [Test worker] INFO org.springframework.test.context.support.AnnotationConfigContextLoaderUtils - Could not detect default configuration classes for test class [com.niit.project.EurekaServer.EurekaServerApplicationTests]: EurekaServerApplicationTests does not declare any static, non-private, non-final, nested classes annotated with @Configuration.
10:11:00.452 [Test worker] DEBUG org.springframework.boot.test.context.SpringBootTestContextBootstrapper - Using ContextCustomizers for test class [EurekaServerApplicationTests]: [DisableObservabilityContextCustomizer, PropertyMappingContextCustomizer, Customizer, ExcludeFilterContextCustomizer, DuplicateJsonObjectContextCustomizer, MockitoContextCustomizer, TestRestTemplateContextCustomizer]
10:11:00.612 [Test worker] DEBUG org.springframework.context.annotation.ClassPathScanningCandidateComponentProvider - Identified candidate component class: file [C:\Users\shivam\Desktop\Niit To Do Final Project\Final Project\Backend\ToDoTrackerBE\Eureka-Server\build\classes\java\main\com\niit\project\EurekaServer\EurekaServerApplication.class]
10:11:00.616 [Test worker] INFO org.springframework.boot.test.context.SpringBootTestContextBootstrapper - Found @SpringBootConfiguration com.niit.project.EurekaServer.EurekaServerApplication for test class com.niit.project.EurekaServer.EurekaServerApplicationTests
10:11:00.923 [Test worker] DEBUG org.springframework.test.context.util.TestContextSpringFactoriesUtils - Skipping candidate TestExecutionListener [org.springframework.test.context.transaction.TransactionalTestExecutionListener] due to a missing dependency. Specify custom TestExecutionListener classes or make the default TestExecutionListener classes and their required dependencies available. Offending class: [org/springframework/transaction/interceptor/TransactionAttributeSource]
10:11:00.926 [Test worker] DEBUG org.springframework.test.context.util.TestContextSpringFactoriesUtils - Skipping candidate TestExecutionListener [org.springframework.test.context.jdbc.SqlScriptsTestExecutionListener] due to a missing dependency. Specify custom TestExecutionListener classes or make the default TestExecutionListener classes and their required dependencies available. Offending class: [org/springframework/transaction/interceptor/TransactionAttribute]
10:11:00.931 [Test worker] DEBUG org.springframework.boot.test.context.SpringBootTestContextBootstrapper - Using TestExecutionListeners for test class [EurekaServerApplicationTests]: [ServletTestExecutionListener, DirtiesContextBeforeModesTestExecutionListener, ApplicationEventsTestExecutionListener, MockitoTestExecutionListener, DependencyInjectionTestExecutionListener, DirtiesContextTestExecutionListener, EventPublishingTestExecutionListener, RestDocsTestExecutionListener, MockRestServiceServerResetTestExecutionListener, MockMvcPrintOnlyOnFailureTestExecutionListener, WebDriverTestExecutionListener, MockWebServiceServerTestExecutionListener, ResetMocksTestExecutionListener]
10:11:00.936 [Test worker] DEBUG org.springframework.test.context.support.AbstractDirtiesContextTestExecutionListener - Before test class: class [EurekaServerApplicationTests], class annotated with @DirtiesContext [false] with mode [null]

  .   ____          _            __ _ _
 /\\ / ___'_ __ _ _(_)_ __  __ _ \ \ \ \
( ( )\___ | '_ | '_| | '_ \/ _` | \ \ \ \
 \\/  ___)| |_)| | | | | || (_| |  ) ) ) )
  '  |____| .__|_| |_|_| |_\__, | / / / /
 =========|_|==============|___/=/_/_/_/
 :: Spring Boot ::                (v3.0.0)

2023-06-30T10:11:01.648+05:30  INFO 17868 --- [    Test worker] c.n.p.E.EurekaServerApplicationTests     : Starting EurekaServerApplicationTests using Java 17.0.1 with PID 17868 (started by shivam in C:\Users\shivam\Desktop\Niit To Do Final Project\Final Project\Backend\ToDoTrackerBE\Eureka-Server)
2023-06-30T10:11:01.651+05:30  INFO 17868 --- [    Test worker] c.n.p.E.EurekaServerApplicationTests     : No active profile set, falling back to 1 default profile: "default"
2023-06-30T10:11:03.061+05:30  INFO 17868 --- [    Test worker] o.s.cloud.context.scope.GenericScope     : BeanFactory id=18fc7743-f55a-3899-b3af-ec6ecd2d5905
2023-06-30T10:11:05.077+05:30  INFO 17868 --- [    Test worker] DiscoveryClientOptionalArgsConfiguration : Eureka HTTP Client uses RestTemplate.
2023-06-30T10:11:05.156+05:30  WARN 17868 --- [    Test worker] iguration$LoadBalancerCaffeineWarnLogger : Spring Cloud LoadBalancer is currently working with the default cache. While this cache implementation is useful for development and tests, it's recommended to use Caffeine cache in production.You can switch to using Caffeine cache, by adding it and org.springframework.cache.caffeine.CaffeineCacheManager to the classpath.
2023-06-30T10:11:05.554+05:30  INFO 17868 --- [    Test worker] o.s.c.n.eureka.InstanceInfoFactory       : Setting initial instance status as: STARTING
2023-06-30T10:11:05.596+05:30  INFO 17868 --- [    Test worker] com.netflix.discovery.DiscoveryClient    : Initializing Eureka in region us-east-1
2023-06-30T10:11:05.598+05:30  INFO 17868 --- [    Test worker] com.netflix.discovery.DiscoveryClient    : Client configured to neither register nor query for data.
2023-06-30T10:11:05.613+05:30  INFO 17868 --- [    Test worker] com.netflix.discovery.DiscoveryClient    : Discovery Client initialized at timestamp 1688100065612 with initial instances count: 0
2023-06-30T10:11:05.673+05:30  INFO 17868 --- [    Test worker] c.n.eureka.DefaultEurekaServerContext    : Initializing ...
2023-06-30T10:11:05.676+05:30  INFO 17868 --- [    Test worker] c.n.eureka.cluster.PeerEurekaNodes       : Adding new peer nodes [http://localhost:8761/eureka/]
2023-06-30T10:11:05.889+05:30  INFO 17868 --- [    Test worker] c.n.d.provider.DiscoveryJerseyProvider   : Using JSON encoding codec LegacyJacksonJson
2023-06-30T10:11:05.889+05:30  INFO 17868 --- [    Test worker] c.n.d.provider.DiscoveryJerseyProvider   : Using JSON decoding codec LegacyJacksonJson
2023-06-30T10:11:05.890+05:30  INFO 17868 --- [    Test worker] c.n.d.provider.DiscoveryJerseyProvider   : Using XML encoding codec XStreamXml
2023-06-30T10:11:05.890+05:30  INFO 17868 --- [    Test worker] c.n.d.provider.DiscoveryJerseyProvider   : Using XML decoding codec XStreamXml
2023-06-30T10:11:06.132+05:30  INFO 17868 --- [    Test worker] c.n.eureka.cluster.PeerEurekaNodes       : Replica node URL:  http://localhost:8761/eureka/
2023-06-30T10:11:06.143+05:30  INFO 17868 --- [    Test worker] c.n.e.registry.AbstractInstanceRegistry  : Finished initializing remote region registries. All known remote regions: []
2023-06-30T10:11:06.144+05:30  INFO 17868 --- [    Test worker] c.n.eureka.DefaultEurekaServerContext    : Initialized
2023-06-30T10:11:06.358+05:30  INFO 17868 --- [    Test worker] o.s.b.a.e.web.EndpointLinksResolver      : Exposing 1 endpoint(s) beneath base path '/actuator'
2023-06-30T10:11:06.416+05:30  INFO 17868 --- [    Test worker] o.s.c.n.e.s.EurekaServiceRegistry        : Registering application E-SERVER with eureka with status UP
2023-06-30T10:11:06.433+05:30  INFO 17868 --- [      Thread-12] o.s.c.n.e.server.EurekaServerBootstrap   : isAws returned false
2023-06-30T10:11:06.434+05:30  INFO 17868 --- [      Thread-12] o.s.c.n.e.server.EurekaServerBootstrap   : Initialized server context
2023-06-30T10:11:06.434+05:30  INFO 17868 --- [      Thread-12] c.n.e.r.PeerAwareInstanceRegistryImpl    : Got 1 instances from neighboring DS node
2023-06-30T10:11:06.434+05:30  INFO 17868 --- [      Thread-12] c.n.e.r.PeerAwareInstanceRegistryImpl    : Renew threshold is: 1
2023-06-30T10:11:06.435+05:30  INFO 17868 --- [      Thread-12] c.n.e.r.PeerAwareInstanceRegistryImpl    : Changing status to UP
2023-06-30T10:11:06.440+05:30  INFO 17868 --- [    Test worker] c.n.p.E.EurekaServerApplicationTests     : Started EurekaServerApplicationTests in 5.384 seconds (process running for 7.36)
2023-06-30T10:11:06.448+05:30  INFO 17868 --- [      Thread-12] e.s.EurekaServerInitializerConfiguration : Started Eureka Server
]]></system-out>
  <system-err><![CDATA[]]></system-err>
</testsuite>
